Analysis & Synthesis report for ftr_tlc
Tue Feb 25 10:43:31 2025
Quartus Prime Version 23.1std.0 Build 991 11/28/2023 SC Lite Edition


---------------------
; Table of Contents ;
---------------------
  1. Legal Notice
  2. Analysis & Synthesis Summary
  3. Analysis & Synthesis Settings
  4. Parallel Compilation
  5. Analysis & Synthesis Source Files Read
  6. Analysis & Synthesis Resource Usage Summary
  7. Analysis & Synthesis Resource Utilization by Entity
  8. State Machine - |ftr_tlc|state
  9. General Register Statistics
 10. Inverted Register Statistics
 11. Multiplexer Restructuring Statistics (Restructuring Performed)
 12. Port Connectivity Checks: "bcd7seg:u3"
 13. Port Connectivity Checks: "bcd7seg:u2"
 14. Post-Synthesis Netlist Statistics for Top Partition
 15. Elapsed Time Per Partition
 16. Analysis & Synthesis Messages



----------------
; Legal Notice ;
----------------
Copyright (C) 2023  Intel Corporation. All rights reserved.
Your use of Intel Corporation's design tools, logic functions 
and other software and tools, and any partner logic 
functions, and any output files from any of the foregoing 
(including device programming or simulation files), and any 
associated documentation or information are expressly subject 
to the terms and conditions of the Intel Program License 
Subscription Agreement, the Intel Quartus Prime License Agreement,
the Intel FPGA IP License Agreement, or other applicable license
agreement, including, without limitation, that your use is for
the sole purpose of programming logic devices manufactured by
Intel and sold by Intel or its authorized distributors.  Please
refer to the applicable agreement for further details, at
https://fpgasoftware.intel.com/eula.



+----------------------------------------------------------------------------------+
; Analysis & Synthesis Summary                                                     ;
+---------------------------------+------------------------------------------------+
; Analysis & Synthesis Status     ; Successful - Tue Feb 25 10:43:31 2025          ;
; Quartus Prime Version           ; 23.1std.0 Build 991 11/28/2023 SC Lite Edition ;
; Revision Name                   ; ftr_tlc                                        ;
; Top-level Entity Name           ; ftr_tlc                                        ;
; Family                          ; Cyclone V                                      ;
; Logic utilization (in ALMs)     ; N/A                                            ;
; Total registers                 ; 62                                             ;
; Total pins                      ; 22                                             ;
; Total virtual pins              ; 0                                              ;
; Total block memory bits         ; 0                                              ;
; Total DSP Blocks                ; 0                                              ;
; Total HSSI RX PCSs              ; 0                                              ;
; Total HSSI PMA RX Deserializers ; 0                                              ;
; Total HSSI TX PCSs              ; 0                                              ;
; Total HSSI PMA TX Serializers   ; 0                                              ;
; Total PLLs                      ; 0                                              ;
; Total DLLs                      ; 0                                              ;
+---------------------------------+------------------------------------------------+


+---------------------------------------------------------------------------------------------------------------------------+
; Analysis & Synthesis Settings                                                                                             ;
+---------------------------------------------------------------------------------+--------------------+--------------------+
; Option                                                                          ; Setting            ; Default Value      ;
+---------------------------------------------------------------------------------+--------------------+--------------------+
; Device                                                                          ; 5CSEMA5F31C6       ;                    ;
; Top-level entity name                                                           ; ftr_tlc            ; ftr_tlc            ;
; Family name                                                                     ; Cyclone V          ; Cyclone V          ;
; Use smart compilation                                                           ; Off                ; Off                ;
; Enable parallel Assembler and Timing Analyzer during compilation                ; On                 ; On                 ;
; Enable compact report table                                                     ; Off                ; Off                ;
; Restructure Multiplexers                                                        ; Auto               ; Auto               ;
; MLAB Add Timing Constraints For Mixed-Port Feed-Through Mode Setting Don't Care ; Off                ; Off                ;
; Create Debugging Nodes for IP Cores                                             ; Off                ; Off                ;
; Preserve fewer node names                                                       ; On                 ; On                 ;
; Intel FPGA IP Evaluation Mode                                                   ; Enable             ; Enable             ;
; Verilog Version                                                                 ; Verilog_2001       ; Verilog_2001       ;
; VHDL Version                                                                    ; VHDL_1993          ; VHDL_1993          ;
; State Machine Processing                                                        ; Auto               ; Auto               ;
; Safe State Machine                                                              ; Off                ; Off                ;
; Extract Verilog State Machines                                                  ; On                 ; On                 ;
; Extract VHDL State Machines                                                     ; On                 ; On                 ;
; Ignore Verilog initial constructs                                               ; Off                ; Off                ;
; Iteration limit for constant Verilog loops                                      ; 5000               ; 5000               ;
; Iteration limit for non-constant Verilog loops                                  ; 250                ; 250                ;
; Add Pass-Through Logic to Inferred RAMs                                         ; On                 ; On                 ;
; Infer RAMs from Raw Logic                                                       ; On                 ; On                 ;
; Parallel Synthesis                                                              ; On                 ; On                 ;
; DSP Block Balancing                                                             ; Auto               ; Auto               ;
; NOT Gate Push-Back                                                              ; On                 ; On                 ;
; Power-Up Don't Care                                                             ; On                 ; On                 ;
; Remove Redundant Logic Cells                                                    ; Off                ; Off                ;
; Remove Duplicate Registers                                                      ; On                 ; On                 ;
; Ignore CARRY Buffers                                                            ; Off                ; Off                ;
; Ignore CASCADE Buffers                                                          ; Off                ; Off                ;
; Ignore GLOBAL Buffers                                                           ; Off                ; Off                ;
; Ignore ROW GLOBAL Buffers                                                       ; Off                ; Off                ;
; Ignore LCELL Buffers                                                            ; Off                ; Off                ;
; Ignore SOFT Buffers                                                             ; On                 ; On                 ;
; Limit AHDL Integers to 32 Bits                                                  ; Off                ; Off                ;
; Optimization Technique                                                          ; Balanced           ; Balanced           ;
; Carry Chain Length                                                              ; 70                 ; 70                 ;
; Auto Carry Chains                                                               ; On                 ; On                 ;
; Auto Open-Drain Pins                                                            ; On                 ; On                 ;
; Perform WYSIWYG Primitive Resynthesis                                           ; Off                ; Off                ;
; Auto ROM Replacement                                                            ; On                 ; On                 ;
; Auto RAM Replacement                                                            ; On                 ; On                 ;
; Auto DSP Block Replacement                                                      ; On                 ; On                 ;
; Auto Shift Register Replacement                                                 ; Auto               ; Auto               ;
; Allow Shift Register Merging across Hierarchies                                 ; Auto               ; Auto               ;
; Auto Clock Enable Replacement                                                   ; On                 ; On                 ;
; Strict RAM Replacement                                                          ; Off                ; Off                ;
; Allow Synchronous Control Signals                                               ; On                 ; On                 ;
; Force Use of Synchronous Clear Signals                                          ; Off                ; Off                ;
; Auto Resource Sharing                                                           ; Off                ; Off                ;
; Allow Any RAM Size For Recognition                                              ; Off                ; Off                ;
; Allow Any ROM Size For Recognition                                              ; Off                ; Off                ;
; Allow Any Shift Register Size For Recognition                                   ; Off                ; Off                ;
; Use LogicLock Constraints during Resource Balancing                             ; On                 ; On                 ;
; Ignore translate_off and synthesis_off directives                               ; Off                ; Off                ;
; Timing-Driven Synthesis                                                         ; On                 ; On                 ;
; Report Parameter Settings                                                       ; On                 ; On                 ;
; Report Source Assignments                                                       ; On                 ; On                 ;
; Report Connectivity Checks                                                      ; On                 ; On                 ;
; Ignore Maximum Fan-Out Assignments                                              ; Off                ; Off                ;
; Synchronization Register Chain Length                                           ; 3                  ; 3                  ;
; Power Optimization During Synthesis                                             ; Normal compilation ; Normal compilation ;
; HDL message level                                                               ; Level2             ; Level2             ;
; Suppress Register Optimization Related Messages                                 ; Off                ; Off                ;
; Number of Removed Registers Reported in Synthesis Report                        ; 5000               ; 5000               ;
; Number of Swept Nodes Reported in Synthesis Report                              ; 5000               ; 5000               ;
; Number of Inverted Registers Reported in Synthesis Report                       ; 100                ; 100                ;
; Clock MUX Protection                                                            ; On                 ; On                 ;
; Auto Gated Clock Conversion                                                     ; Off                ; Off                ;
; Block Design Naming                                                             ; Auto               ; Auto               ;
; SDC constraint protection                                                       ; Off                ; Off                ;
; Synthesis Effort                                                                ; Auto               ; Auto               ;
; Shift Register Replacement - Allow Asynchronous Clear Signal                    ; On                 ; On                 ;
; Pre-Mapping Resynthesis Optimization                                            ; Off                ; Off                ;
; Analysis & Synthesis Message Level                                              ; Medium             ; Medium             ;
; Disable Register Merging Across Hierarchies                                     ; Auto               ; Auto               ;
; Resource Aware Inference For Block RAM                                          ; On                 ; On                 ;
; Automatic Parallel Synthesis                                                    ; On                 ; On                 ;
; Partial Reconfiguration Bitstream ID                                            ; Off                ; Off                ;
+---------------------------------------------------------------------------------+--------------------+--------------------+


+------------------------------------------+
; Parallel Compilation                     ;
+----------------------------+-------------+
; Processors                 ; Number      ;
+----------------------------+-------------+
; Number detected on machine ; 12          ;
; Maximum allowed            ; 6           ;
;                            ;             ;
; Average used               ; 1.00        ;
; Maximum used               ; 6           ;
;                            ;             ;
; Usage by Processor         ; % Time Used ;
;     Processor 1            ; 100.0%      ;
;     Processors 2-6         ;   0.0%      ;
+----------------------------+-------------+


+------------------------------------------------------------------------------------------------------------------------------------------------+
; Analysis & Synthesis Source Files Read                                                                                                         ;
+----------------------------------+-----------------+-----------------+---------------------------------------------------------------+---------+
; File Name with User-Entered Path ; Used in Netlist ; File Type       ; File Name with Absolute Path                                  ; Library ;
+----------------------------------+-----------------+-----------------+---------------------------------------------------------------+---------+
; ftr_tlc.vhd                      ; yes             ; User VHDL File  ; C:/Users/rp732/3B2_rp732/traffic_light_counter/ftr_tlc.vhd    ;         ;
; components.vhd                   ; yes             ; User VHDL File  ; C:/Users/rp732/3B2_rp732/traffic_light_counter/components.vhd ;         ;
+----------------------------------+-----------------+-----------------+---------------------------------------------------------------+---------+


+---------------------------------------------------------------+
; Analysis & Synthesis Resource Usage Summary                   ;
+---------------------------------------------+-----------------+
; Resource                                    ; Usage           ;
+---------------------------------------------+-----------------+
; Estimate of Logic utilization (ALMs needed) ; 47              ;
;                                             ;                 ;
; Combinational ALUT usage for logic          ; 81              ;
;     -- 7 input functions                    ; 1               ;
;     -- 6 input functions                    ; 12              ;
;     -- 5 input functions                    ; 2               ;
;     -- 4 input functions                    ; 4               ;
;     -- <=3 input functions                  ; 62              ;
;                                             ;                 ;
; Dedicated logic registers                   ; 62              ;
;                                             ;                 ;
; I/O pins                                    ; 22              ;
;                                             ;                 ;
; Total DSP Blocks                            ; 0               ;
;                                             ;                 ;
; Maximum fan-out node                        ; counter:u1|tick ;
; Maximum fan-out                             ; 37              ;
; Total fan-out                               ; 446             ;
; Average fan-out                             ; 2.39            ;
+---------------------------------------------+-----------------+


+----------------------------------------------------------------------------------------------------------------------------------------------------------------------------------------+
; Analysis & Synthesis Resource Utilization by Entity                                                                                                                                    ;
+----------------------------+---------------------+---------------------------+-------------------+------------+------+--------------+---------------------+-------------+--------------+
; Compilation Hierarchy Node ; Combinational ALUTs ; Dedicated Logic Registers ; Block Memory Bits ; DSP Blocks ; Pins ; Virtual Pins ; Full Hierarchy Name ; Entity Name ; Library Name ;
+----------------------------+---------------------+---------------------------+-------------------+------------+------+--------------+---------------------+-------------+--------------+
; |ftr_tlc                   ; 81 (51)             ; 62 (36)                   ; 0                 ; 0          ; 22   ; 0            ; |ftr_tlc            ; ftr_tlc     ; work         ;
;    |counter:u1|            ; 30 (30)             ; 26 (26)                   ; 0                 ; 0          ; 0    ; 0            ; |ftr_tlc|counter:u1 ; counter     ; work         ;
+----------------------------+---------------------+---------------------------+-------------------+------------+------+--------------+---------------------+-------------+--------------+
Note: For table entries with two numbers listed, the numbers in parentheses indicate the number of resources of the given type used by the specific entity alone. The numbers listed outside of parentheses indicate the total resources of the given type used by the specific entity and all of its sub-entities in the hierarchy.


Encoding Type:  One-Hot
+-------------------------------------------------+
; State Machine - |ftr_tlc|state                  ;
+---------+---------+---------+---------+---------+
; Name    ; state.W ; state.R ; state.Y ; state.G ;
+---------+---------+---------+---------+---------+
; state.G ; 0       ; 0       ; 0       ; 0       ;
; state.Y ; 0       ; 0       ; 1       ; 1       ;
; state.R ; 0       ; 1       ; 0       ; 1       ;
; state.W ; 1       ; 0       ; 0       ; 1       ;
+---------+---------+---------+---------+---------+


+------------------------------------------------------+
; General Register Statistics                          ;
+----------------------------------------------+-------+
; Statistic                                    ; Value ;
+----------------------------------------------+-------+
; Total registers                              ; 62    ;
; Number of registers using Synchronous Clear  ; 30    ;
; Number of registers using Synchronous Load   ; 0     ;
; Number of registers using Asynchronous Clear ; 4     ;
; Number of registers using Asynchronous Load  ; 0     ;
; Number of registers using Clock Enable       ; 32    ;
; Number of registers using Preset             ; 0     ;
+----------------------------------------------+-------+


+--------------------------------------------------+
; Inverted Register Statistics                     ;
+----------------------------------------+---------+
; Inverted Register                      ; Fan out ;
+----------------------------------------+---------+
; count[31]                              ; 2       ;
; count[0]                               ; 3       ;
; Total number of inverted registers = 2 ;         ;
+----------------------------------------+---------+


+------------------------------------------------------------------------------------------------------------------------------------------+
; Multiplexer Restructuring Statistics (Restructuring Performed)                                                                           ;
+--------------------+-----------+---------------+----------------------+------------------------+------------+----------------------------+
; Multiplexer Inputs ; Bus Width ; Baseline Area ; Area if Restructured ; Saving if Restructured ; Registered ; Example Multiplexer Output ;
+--------------------+-----------+---------------+----------------------+------------------------+------------+----------------------------+
; 6:1                ; 30 bits   ; 120 LEs       ; 0 LEs                ; 120 LEs                ; Yes        ; |ftr_tlc|count[17]         ;
; 6:1                ; 2 bits    ; 8 LEs         ; 4 LEs                ; 4 LEs                  ; Yes        ; |ftr_tlc|count[0]          ;
; 6:1                ; 2 bits    ; 8 LEs         ; 4 LEs                ; 4 LEs                  ; No         ; |ftr_tlc|Selector2         ;
; 8:1                ; 2 bits    ; 10 LEs        ; 4 LEs                ; 6 LEs                  ; No         ; |ftr_tlc|Selector3         ;
+--------------------+-----------+---------------+----------------------+------------------------+------------+----------------------------+


+---------------------------------------------+
; Port Connectivity Checks: "bcd7seg:u3"      ;
+-----------+-------+----------+--------------+
; Port      ; Type  ; Severity ; Details      ;
+-----------+-------+----------+--------------+
; bcd[2..1] ; Input ; Info     ; Stuck at VCC ;
; bcd[3]    ; Input ; Info     ; Stuck at GND ;
; bcd[0]    ; Input ; Info     ; Stuck at GND ;
; en        ; Input ; Info     ; Stuck at VCC ;
+-----------+-------+----------+--------------+


+---------------------------------------------+
; Port Connectivity Checks: "bcd7seg:u2"      ;
+-----------+-------+----------+--------------+
; Port      ; Type  ; Severity ; Details      ;
+-----------+-------+----------+--------------+
; bcd[2..1] ; Input ; Info     ; Stuck at VCC ;
; bcd[3]    ; Input ; Info     ; Stuck at GND ;
; bcd[0]    ; Input ; Info     ; Stuck at GND ;
; en        ; Input ; Info     ; Stuck at VCC ;
+-----------+-------+----------+--------------+


+-----------------------------------------------------+
; Post-Synthesis Netlist Statistics for Top Partition ;
+-----------------------+-----------------------------+
; Type                  ; Count                       ;
+-----------------------+-----------------------------+
; arriav_ff             ; 62                          ;
;     CLR               ; 4                           ;
;     ENA               ; 2                           ;
;     ENA SCLR          ; 30                          ;
;     plain             ; 26                          ;
; arriav_lcell_comb     ; 84                          ;
;     arith             ; 56                          ;
;         1 data inputs ; 55                          ;
;         2 data inputs ; 1                           ;
;     extend            ; 1                           ;
;         7 data inputs ; 1                           ;
;     normal            ; 27                          ;
;         0 data inputs ; 2                           ;
;         1 data inputs ; 2                           ;
;         2 data inputs ; 3                           ;
;         3 data inputs ; 2                           ;
;         4 data inputs ; 4                           ;
;         5 data inputs ; 2                           ;
;         6 data inputs ; 12                          ;
; boundary_port         ; 22                          ;
;                       ;                             ;
; Max LUT depth         ; 5.10                        ;
; Average LUT depth     ; 3.21                        ;
+-----------------------+-----------------------------+


+-------------------------------+
; Elapsed Time Per Partition    ;
+----------------+--------------+
; Partition Name ; Elapsed Time ;
+----------------+--------------+
; Top            ; 00:00:00     ;
+----------------+--------------+


+-------------------------------+
; Analysis & Synthesis Messages ;
+-------------------------------+
Info: *******************************************************************
Info: Running Quartus Prime Analysis & Synthesis
    Info: Version 23.1std.0 Build 991 11/28/2023 SC Lite Edition
    Info: Processing started: Tue Feb 25 10:43:23 2025
Info: Command: quartus_map --read_settings_files=on --write_settings_files=off ftr_tlc -c ftr_tlc
Warning (18236): Number of processors has not been specified which may cause overloading on shared machines.  Set the global assignment NUM_PARALLEL_PROCESSORS in your QSF to an appropriate value for best performance.
Info (20030): Parallel compilation is enabled and will use 6 of the 6 processors detected
Info (12021): Found 2 design units, including 1 entities, in source file ftr_tlc.vhd
    Info (12022): Found design unit 1: ftr_tlc-tlc_arch File: C:/Users/rp732/3B2_rp732/traffic_light_counter/ftr_tlc.vhd Line: 15
    Info (12023): Found entity 1: ftr_tlc File: C:/Users/rp732/3B2_rp732/traffic_light_counter/ftr_tlc.vhd Line: 4
Info (12021): Found 4 design units, including 2 entities, in source file components.vhd
    Info (12022): Found design unit 1: bcd7seg-behaviour File: C:/Users/rp732/3B2_rp732/traffic_light_counter/components.vhd Line: 10
    Info (12022): Found design unit 2: counter-behaviour File: C:/Users/rp732/3B2_rp732/traffic_light_counter/components.vhd Line: 36
    Info (12023): Found entity 1: bcd7seg File: C:/Users/rp732/3B2_rp732/traffic_light_counter/components.vhd Line: 4
    Info (12023): Found entity 2: counter File: C:/Users/rp732/3B2_rp732/traffic_light_counter/components.vhd Line: 31
Info (12127): Elaborating entity "ftr_tlc" for the top level hierarchy
Info (12128): Elaborating entity "counter" for hierarchy "counter:u1" File: C:/Users/rp732/3B2_rp732/traffic_light_counter/ftr_tlc.vhd Line: 31
Info (12128): Elaborating entity "bcd7seg" for hierarchy "bcd7seg:u2" File: C:/Users/rp732/3B2_rp732/traffic_light_counter/ftr_tlc.vhd Line: 88
Warning (13024): Output pins are stuck at VCC or GND
    Warning (13410): Pin "hex0[6]" is stuck at GND File: C:/Users/rp732/3B2_rp732/traffic_light_counter/ftr_tlc.vhd Line: 10
    Warning (13410): Pin "hex0[5]" is stuck at GND File: C:/Users/rp732/3B2_rp732/traffic_light_counter/ftr_tlc.vhd Line: 10
    Warning (13410): Pin "hex0[4]" is stuck at GND File: C:/Users/rp732/3B2_rp732/traffic_light_counter/ftr_tlc.vhd Line: 10
    Warning (13410): Pin "hex0[3]" is stuck at GND File: C:/Users/rp732/3B2_rp732/traffic_light_counter/ftr_tlc.vhd Line: 10
    Warning (13410): Pin "hex0[2]" is stuck at GND File: C:/Users/rp732/3B2_rp732/traffic_light_counter/ftr_tlc.vhd Line: 10
    Warning (13410): Pin "hex0[1]" is stuck at VCC File: C:/Users/rp732/3B2_rp732/traffic_light_counter/ftr_tlc.vhd Line: 10
    Warning (13410): Pin "hex0[0]" is stuck at VCC File: C:/Users/rp732/3B2_rp732/traffic_light_counter/ftr_tlc.vhd Line: 10
    Warning (13410): Pin "hex1[6]" is stuck at GND File: C:/Users/rp732/3B2_rp732/traffic_light_counter/ftr_tlc.vhd Line: 11
    Warning (13410): Pin "hex1[5]" is stuck at GND File: C:/Users/rp732/3B2_rp732/traffic_light_counter/ftr_tlc.vhd Line: 11
    Warning (13410): Pin "hex1[4]" is stuck at GND File: C:/Users/rp732/3B2_rp732/traffic_light_counter/ftr_tlc.vhd Line: 11
    Warning (13410): Pin "hex1[3]" is stuck at GND File: C:/Users/rp732/3B2_rp732/traffic_light_counter/ftr_tlc.vhd Line: 11
    Warning (13410): Pin "hex1[2]" is stuck at GND File: C:/Users/rp732/3B2_rp732/traffic_light_counter/ftr_tlc.vhd Line: 11
    Warning (13410): Pin "hex1[1]" is stuck at VCC File: C:/Users/rp732/3B2_rp732/traffic_light_counter/ftr_tlc.vhd Line: 11
    Warning (13410): Pin "hex1[0]" is stuck at VCC File: C:/Users/rp732/3B2_rp732/traffic_light_counter/ftr_tlc.vhd Line: 11
Info (286030): Timing-Driven Synthesis is running
Info (16010): Generating hard_block partition "hard_block:auto_generated_inst"
    Info (16011): Adding 0 node(s), including 0 DDIO, 0 PLL, 0 transceiver and 0 LCELL
Info (21057): Implemented 103 device resources after synthesis - the final resource count might be different
    Info (21058): Implemented 3 input pins
    Info (21059): Implemented 19 output pins
    Info (21061): Implemented 81 logic cells
Info: Quartus Prime Analysis & Synthesis was successful. 0 errors, 16 warnings
    Info: Peak virtual memory: 4884 megabytes
    Info: Processing ended: Tue Feb 25 10:43:31 2025
    Info: Elapsed time: 00:00:08
    Info: Total CPU time (on all processors): 00:00:11


